Mono path[0] = 'C:/Users/Axesys/Desktop/RimWorld.v1.3.3311/RimWorldWin64_Data/Managed'
Mono config path = 'C:/Users/Axesys/Desktop/RimWorld.v1.3.3311/MonoBleedingEdge/etc'
Initialize engine version: 2019.4.30f1 (e8c891080a1f)
[Subsystems] Discovering subsystems at path C:/Users/Axesys/Desktop/RimWorld.v1.3.3311/RimWorldWin64_Data/UnitySubsystems
GfxDevice: creating device client; threaded=1
Direct3D:
    Version:  Direct3D 11.0 [level 11.1]
    Renderer: AMD Radeon RX 5700 XT (ID=0x731f)
    Vendor:   
    VRAM:     8151 MB
    Driver:   31.0.12019.16007
Begin MonoManager ReloadAssembly
- Completed reload, in  1.571 seconds
<RI> Initializing input.
<RI> Input initialized.
D3D11 device created for Microsoft Media Foundation video decoding.
<RI> Initialized touch support.
UnloadTime: 0.885400 ms
[Steamworks.NET] SteamAPI.Init() failed. Possible causes: Steam client not running, launched from outside Steam without steam_appid.txt in place, running with different privileges than Steam client (e.g. "as administrator") 
(Filename: C:\buildslave\unity\build\Runtime/Export/Debug/Debug.bindings.h Line: 39)

RimWorld 1.3.3311 rev828
Mod  is missing supported versions list in About.xml! (example: <supportedVersions><li>1.0</li></supportedVersions>) 
(Filename: C:\buildslave\unity\build\Runtime/Export/Debug/Debug.bindings.h Line: 39)

Mod Mortar Accuracy is missing packageId in About.xml! (example: <packageId>AuthorName.ModName.Specific</packageId>) 
(Filename: C:\buildslave\unity\build\Runtime/Export/Debug/Debug.bindings.h Line: 39)

Mod  is missing supported versions list in About.xml! (example: <supportedVersions><li>1.0</li></supportedVersions>) 
(Filename: C:\buildslave\unity\build\Runtime/Export/Debug/Debug.bindings.h Line: 39)

Mod Project RimFactory Revived is missing packageId in About.xml! (example: <packageId>AuthorName.ModName.Specific</packageId>) 
(Filename: C:\buildslave\unity\build\Runtime/Export/Debug/Debug.bindings.h Line: 39)

Mod  is missing supported versions list in About.xml! (example: <supportedVersions><li>1.0</li></supportedVersions>) 
(Filename: C:\buildslave\unity\build\Runtime/Export/Debug/Debug.bindings.h Line: 39)

Mod Regrowth Core Remastered is missing packageId in About.xml! (example: <packageId>AuthorName.ModName.Specific</packageId>) 
(Filename: C:\buildslave\unity\build\Runtime/Export/Debug/Debug.bindings.h Line: 39)

Mod  is missing supported versions list in About.xml! (example: <supportedVersions><li>1.0</li></supportedVersions>) 
(Filename: C:\buildslave\unity\build\Runtime/Export/Debug/Debug.bindings.h Line: 39)

Mod Share The Load is missing packageId in About.xml! (example: <packageId>AuthorName.ModName.Specific</packageId>) 
(Filename: C:\buildslave\unity\build\Runtime/Export/Debug/Debug.bindings.h Line: 39)

Mod Simple sidearms: targetVersion field is obsolete, use supportedVersions instead. 
(Filename: C:\buildslave\unity\build\Runtime/Export/Debug/Debug.bindings.h Line: 39)

Mod Simple sidearms is missing supported versions list in About.xml! (example: <supportedVersions><li>1.0</li></supportedVersions>) 
(Filename: C:\buildslave\unity\build\Runtime/Export/Debug/Debug.bindings.h Line: 39)

Mod Simple sidearms is missing packageId in About.xml! (example: <packageId>AuthorName.ModName.Specific</packageId>) 
(Filename: C:\buildslave\unity\build\Runtime/Export/Debug/Debug.bindings.h Line: 39)

Fallback handler could not load library C:/Users/Axesys/Desktop/RimWorld.v1.3.3311/RimWorldWin64_Data/Mono/data-000002020AFEFB40.dll
Fallback handler could not load library C:/Users/Axesys/Desktop/RimWorld.v1.3.3311/RimWorldWin64_Data/Mono/data-00000201E4E8C5E0.dll
Fallback handler could not load library C:/Users/Axesys/Desktop/RimWorld.v1.3.3311/RimWorldWin64_Data/Mono/data-00000201E495C9C0.dll
Fallback handler could not load library C:/Users/Axesys/Desktop/RimWorld.v1.3.3311/RimWorldWin64_Data/Mono/data-00000201E495FBD0.dll
Fallback handler could not load library C:/Users/Axesys/Desktop/RimWorld.v1.3.3311/RimWorldWin64_Data/Mono/data-000002020B0D6760.dll
Fallback handler could not load library C:/Users/Axesys/Desktop/RimWorld.v1.3.3311/RimWorldWin64_Data/Mono/data-00000201E45F00A0.dll
Fallback handler could not load library C:/Users/Axesys/Desktop/RimWorld.v1.3.3311/RimWorldWin64_Data/Mono/data-000002020B15E010.dll
Fallback handler could not load library C:/Users/Axesys/Desktop/RimWorld.v1.3.3311/RimWorldWin64_Data/Mono/data-000002020B17F830.dll
Fallback handler could not load library C:/Users/Axesys/Desktop/RimWorld.v1.3.3311/RimWorldWin64_Data/Mono/data-000002020B199840.dll
Fallback handler could not load library C:/Users/Axesys/Desktop/RimWorld.v1.3.3311/RimWorldWin64_Data/Mono/data-00000201E49621E0.dll
Fallback handler could not load library C:/Users/Axesys/Desktop/RimWorld.v1.3.3311/RimWorldWin64_Data/Mono/data-000002020B19B250.dll
Fallback handler could not load library C:/Users/Axesys/Desktop/RimWorld.v1.3.3311/RimWorldWin64_Data/Mono/data-000002020B1D3A80.dll
Fallback handler could not load library C:/Users/Axesys/Desktop/RimWorld.v1.3.3311/RimWorldWin64_Data/Mono/data-000002020B13F100.dll
Fallback handler could not load library C:/Users/Axesys/Desktop/RimWorld.v1.3.3311/RimWorldWin64_Data/Mono/data-000002020B1E8690.dll
Fallback handler could not load library C:/Users/Axesys/Desktop/RimWorld.v1.3.3311/RimWorldWin64_Data/Mono/data-000002020B2122D0.dll
Fallback handler could not load library C:/Users/Axesys/Desktop/RimWorld.v1.3.3311/RimWorldWin64_Data/Mono/data-000002020B2138E0.dll
Fallback handler could not load library C:/Users/Axesys/Desktop/RimWorld.v1.3.3311/RimWorldWin64_Data/Mono/data-000002020B215F00.dll
Fallback handler could not load library C:/Users/Axesys/Desktop/RimWorld.v1.3.3311/RimWorldWin64_Data/Mono/data-00000201E4406650.dll
Fallback handler could not load library C:/Users/Axesys/Desktop/RimWorld.v1.3.3311/RimWorldWin64_Data/Mono/data-000002020B3431B0.dll
Fallback handler could not load library C:/Users/Axesys/Desktop/RimWorld.v1.3.3311/RimWorldWin64_Data/Mono/data-000002020B431180.dll
Fallback handler could not load library C:/Users/Axesys/Desktop/RimWorld.v1.3.3311/RimWorldWin64_Data/Mono/data-00000201E4427880.dll
Fallback handler could not load library C:/Users/Axesys/Desktop/RimWorld.v1.3.3311/RimWorldWin64_Data/Mono/data-000002020B5C9BC0.dll
Fallback handler could not load library C:/Users/Axesys/Desktop/RimWorld.v1.3.3311/RimWorldWin64_Data/Mono/data-000002020B5FEBE0.dll
Fallback handler could not load library C:/Users/Axesys/Desktop/RimWorld.v1.3.3311/RimWorldWin64_Data/Mono/data-00000201E44440E0.dll
Fallback handler could not load library C:/Users/Axesys/Desktop/RimWorld.v1.3.3311/RimWorldWin64_Data/Mono/data-00000201E44462F0.dll
Fallback handler could not load library C:/Users/Axesys/Desktop/RimWorld.v1.3.3311/RimWorldWin64_Data/Mono/data-000002020B63BB20.dll
Fallback handler could not load library C:/Users/Axesys/Desktop/RimWorld.v1.3.3311/RimWorldWin64_Data/Mono/data-000002020B647530.dll
Fallback handler could not load library C:/Users/Axesys/Desktop/RimWorld.v1.3.3311/RimWorldWin64_Data/Mono/data-00000201E444A100.dll
Fallback handler could not load library C:/Users/Axesys/Desktop/RimWorld.v1.3.3311/RimWorldWin64_Data/Mono/data-000002020B67B170.dll
Fallback handler could not load library C:/Users/Axesys/Desktop/RimWorld.v1.3.3311/RimWorldWin64_Data/Mono/data-000002020B680380.dll
Fallback handler could not load library C:/Users/Axesys/Desktop/RimWorld.v1.3.3311/RimWorldWin64_Data/Mono/data-000002020B7525E0.dll
Fallback handler could not load library C:/Users/Axesys/Desktop/RimWorld.v1.3.3311/RimWorldWin64_Data/Mono/data-000002020B774EB0.dll
Fallback handler could not load library C:/Users/Axesys/Desktop/RimWorld.v1.3.3311/RimWorldWin64_Data/Mono/data-000002020B788420.dll
Fallback handler could not load library C:/Users/Axesys/Desktop/RimWorld.v1.3.3311/RimWorldWin64_Data/Mono/data-00000201E46040F0.dll
Fallback handler could not load library C:/Users/Axesys/Desktop/RimWorld.v1.3.3311/RimWorldWin64_Data/Mono/data-000002020B7BEB00.dll
Fallback handler could not load library C:/Users/Axesys/Desktop/RimWorld.v1.3.3311/RimWorldWin64_Data/Mono/data-000002020B7F8010.dll
Fallback handler could not load library C:/Users/Axesys/Desktop/RimWorld.v1.3.3311/RimWorldWin64_Data/Mono/data-000002020B7FB420.dll
Fallback handler could not load library C:/Users/Axesys/Desktop/RimWorld.v1.3.3311/RimWorldWin64_Data/Mono/data-000002020B810A30.dll
Fallback handler could not load library C:/Users/Axesys/Desktop/RimWorld.v1.3.3311/RimWorldWin64_Data/Mono/data-000002020B81C860.dll
Fallback handler could not load library C:/Users/Axesys/Desktop/RimWorld.v1.3.3311/RimWorldWin64_Data/Mono/data-000002020B828070.dll
Fallback handler could not load library C:/Users/Axesys/Desktop/RimWorld.v1.3.3311/RimWorldWin64_Data/Mono/data-00000201E45E8080.dll
Fallback handler could not load library C:/Users/Axesys/Desktop/RimWorld.v1.3.3311/RimWorldWin64_Data/Mono/data-000002020B8638A0.dll
Fallback handler could not load library C:/Users/Axesys/Desktop/RimWorld.v1.3.3311/RimWorldWin64_Data/Mono/data-000002020B8708C0.dll
Fallback handler could not load library C:/Users/Axesys/Desktop/RimWorld.v1.3.3311/RimWorldWin64_Data/Mono/data-000002020B7D8BD0.dll
Fallback handler could not load library C:/Users/Axesys/Desktop/RimWorld.v1.3.3311/RimWorldWin64_Data/Mono/data-000002020B8798D0.dll
Fallback handler could not load library C:/Users/Axesys/Desktop/RimWorld.v1.3.3311/RimWorldWin64_Data/Mono/data-000002020B948F00.dll
Fallback handler could not load library C:/Users/Axesys/Desktop/RimWorld.v1.3.3311/RimWorldWin64_Data/Mono/data-000002020B96A130.dll
Fallback handler could not load library C:/Users/Axesys/Desktop/RimWorld.v1.3.3311/RimWorldWin64_Data/Mono/data-000002020B987750.dll
Fallback handler could not load library C:/Users/Axesys/Desktop/RimWorld.v1.3.3311/RimWorldWin64_Data/Mono/data-000002020B992360.dll
Fallback handler could not load library C:/Users/Axesys/Desktop/RimWorld.v1.3.3311/RimWorldWin64_Data/Mono/data-000002020B9B2250.dll
Fallback handler could not load library C:/Users/Axesys/Desktop/RimWorld.v1.3.3311/RimWorldWin64_Data/Mono/data-000002020B9D3860.dll
Fallback handler could not load library C:/Users/Axesys/Desktop/RimWorld.v1.3.3311/RimWorldWin64_Data/Mono/data-000002020B9ADBC0.dll
Fallback handler could not load library C:/Users/Axesys/Desktop/RimWorld.v1.3.3311/RimWorldWin64_Data/Mono/data-000002020BB562A0.dll
Fallback handler could not load library C:/Users/Axesys/Desktop/RimWorld.v1.3.3311/RimWorldWin64_Data/Mono/data-000002020BB64CC0.dll
Fallback handler could not load library C:/Users/Axesys/Desktop/RimWorld.v1.3.3311/RimWorldWin64_Data/Mono/data-000002020BB6F6E0.dll
Fallback handler could not load library C:/Users/Axesys/Desktop/RimWorld.v1.3.3311/RimWorldWin64_Data/Mono/data-000002020BB900F0.dll
Fallback handler could not load library C:/Users/Axesys/Desktop/RimWorld.v1.3.3311/RimWorldWin64_Data/Mono/data-000002020B9AF7D0.dll
Fallback handler could not load library C:/Users/Axesys/Desktop/RimWorld.v1.3.3311/RimWorldWin64_Data/Mono/data-000002020BBAD100.dll
Fallback handler could not load library C:/Users/Axesys/Desktop/RimWorld.v1.3.3311/RimWorldWin64_Data/Mono/data-000002020BBB2310.dll
Fallback handler could not load library C:/Users/Axesys/Desktop/RimWorld.v1.3.3311/RimWorldWin64_Data/Mono/data-000002020BBB5F20.dll
Fallback handler could not load library C:/Users/Axesys/Desktop/RimWorld.v1.3.3311/RimWorldWin64_Data/Mono/data-000002020BBD1F40.dll
Fallback handler could not load library C:/Users/Axesys/Desktop/RimWorld.v1.3.3311/RimWorldWin64_Data/Mono/data-000002020BC68010.dll
Fallback handler could not load library C:/Users/Axesys/Desktop/RimWorld.v1.3.3311/RimWorldWin64_Data/Mono/data-000002020BC73020.dll
Fallback handler could not load library C:/Users/Axesys/Desktop/RimWorld.v1.3.3311/RimWorldWin64_Data/Mono/data-000002020BC7AE30.dll
Fallback handler could not load library C:/Users/Axesys/Desktop/RimWorld.v1.3.3311/RimWorldWin64_Data/Mono/data-000002020BC7C040.dll
Fallback handler could not load library C:/Users/Axesys/Desktop/RimWorld.v1.3.3311/RimWorldWin64_Data/Mono/data-000002020BCA9070.dll
Fallback handler could not load library C:/Users/Axesys/Desktop/RimWorld.v1.3.3311/RimWorldWin64_Data/Mono/data-000002020BCD5680.dll
Fallback handler could not load library C:/Users/Axesys/Desktop/RimWorld.v1.3.3311/RimWorldWin64_Data/Mono/data-000002020BCEDAA0.dll
Fallback handler could not load library C:/Users/Axesys/Desktop/RimWorld.v1.3.3311/RimWorldWin64_Data/Mono/data-000002020E550080.dll
Fallback handler could not load library C:/Users/Axesys/Desktop/RimWorld.v1.3.3311/RimWorldWin64_Data/Mono/data-000002020BD15DE0.dll
Fallback handler could not load library C:/Users/Axesys/Desktop/RimWorld.v1.3.3311/RimWorldWin64_Data/Mono/data-000002020BD175F0.dll
Fallback handler could not load library C:/Users/Axesys/Desktop/RimWorld.v1.3.3311/RimWorldWin64_Data/Mono/data-000002020BD29000.dll
Fallback handler could not load library C:/Users/Axesys/Desktop/RimWorld.v1.3.3311/RimWorldWin64_Data/Mono/data-00000201E460C110.dll
Fallback handler could not load library C:/Users/Axesys/Desktop/RimWorld.v1.3.3311/RimWorldWin64_Data/Mono/data-000002020BC50B20.dll
Fallback handler could not load library C:/Users/Axesys/Desktop/RimWorld.v1.3.3311/RimWorldWin64_Data/Mono/data-000002020BD2AE10.dll
Fallback handler could not load library C:/Users/Axesys/Desktop/RimWorld.v1.3.3311/RimWorldWin64_Data/Mono/data-000002020BD37430.dll
Fallback handler could not load library C:/Users/Axesys/Desktop/RimWorld.v1.3.3311/RimWorldWin64_Data/Mono/data-000002020BC52B30.dll
Fallback handler could not load library C:/Users/Axesys/Desktop/RimWorld.v1.3.3311/RimWorldWin64_Data/Mono/data-000002020BD3BC40.dll
Fallback handler could not load library C:/Users/Axesys/Desktop/RimWorld.v1.3.3311/RimWorldWin64_Data/Mono/data-00000201E4E90210.dll
Fallback handler could not load library C:/Users/Axesys/Desktop/RimWorld.v1.3.3311/RimWorldWin64_Data/Mono/data-000002020E5A12C0.dll
Fallback handler could not load library C:/Users/Axesys/Desktop/RimWorld.v1.3.3311/RimWorldWin64_Data/Mono/data-000002020E5A7AE0.dll
Fallback handler could not load library C:/Users/Axesys/Desktop/RimWorld.v1.3.3311/RimWorldWin64_Data/Mono/data-000002020E674F20.dll
Fallback handler could not load library C:/Users/Axesys/Desktop/RimWorld.v1.3.3311/RimWorldWin64_Data/Mono/data-000002020E731B40.dll
Fallback handler could not load library C:/Users/Axesys/Desktop/RimWorld.v1.3.3311/RimWorldWin64_Data/Mono/data-000002020E733550.dll
Fallback handler could not load library C:/Users/Axesys/Desktop/RimWorld.v1.3.3311/RimWorldWin64_Data/Mono/data-000002020E735F60.dll
Fallback handler could not load library C:/Users/Axesys/Desktop/RimWorld.v1.3.3311/RimWorldWin64_Data/Mono/data-000002020E741380.dll
Fallback handler could not load library C:/Users/Axesys/Desktop/RimWorld.v1.3.3311/RimWorldWin64_Data/Mono/data-000002020E826DC0.dll
Fallback handler could not load library C:/Users/Axesys/Desktop/RimWorld.v1.3.3311/RimWorldWin64_Data/Mono/data-000002020E82EBE0.dll
Fallback handler could not load library C:/Users/Axesys/Desktop/RimWorld.v1.3.3311/RimWorldWin64_Data/Mono/data-000002020E849200.dll
Fallback handler could not load library C:/Users/Axesys/Desktop/RimWorld.v1.3.3311/RimWorldWin64_Data/Mono/data-000002020E914E20.dll
Fallback handler could not load library C:/Users/Axesys/Desktop/RimWorld.v1.3.3311/RimWorldWin64_Data/Mono/data-000002020E91F640.dll
Fallback handler could not load library C:/Users/Axesys/Desktop/RimWorld.v1.3.3311/RimWorldWin64_Data/Mono/data-000002020E926C60.dll
Fallback handler could not load library C:/Users/Axesys/Desktop/RimWorld.v1.3.3311/RimWorldWin64_Data/Mono/data-000002020E94B090.dll
Fallback handler could not load library C:/Users/Axesys/Desktop/RimWorld.v1.3.3311/RimWorldWin64_Data/Mono/data-000002020E9CC010.dll
Fallback handler could not load library C:/Users/Axesys/Desktop/RimWorld.v1.3.3311/RimWorldWin64_Data/Mono/data-000002020E9D4E20.dll
Fallback handler could not load library C:/Users/Axesys/Desktop/RimWorld.v1.3.3311/RimWorldWin64_Data/Mono/data-000002020E9D6030.dll
Fallback handler could not load library C:/Users/Axesys/Desktop/RimWorld.v1.3.3311/RimWorldWin64_Data/Mono/data-000002020E9D8250.dll
Fallback handler could not load library C:/Users/Axesys/Desktop/RimWorld.v1.3.3311/RimWorldWin64_Data/Mono/data-000002020E9F3790.dll
Fallback handler could not load library C:/Users/Axesys/Desktop/RimWorld.v1.3.3311/RimWorldWin64_Data/Mono/data-000002020EA14DC0.dll
Fallback handler could not load library C:/Users/Axesys/Desktop/RimWorld.v1.3.3311/RimWorldWin64_Data/Mono/data-000002020EA70520.dll
Fallback handler could not load library C:/Users/Axesys/Desktop/RimWorld.v1.3.3311/RimWorldWin64_Data/Mono/data-000002020EA81140.dll
Fallback handler could not load library C:/Users/Axesys/Desktop/RimWorld.v1.3.3311/RimWorldWin64_Data/Mono/data-000002020EAB1070.dll
Fallback handler could not load library C:/Users/Axesys/Desktop/RimWorld.v1.3.3311/RimWorldWin64_Data/Mono/data-000002020EAD4CA0.dll
Fallback handler could not load library C:/Users/Axesys/Desktop/RimWorld.v1.3.3311/RimWorldWin64_Data/Mono/data-000002020EAD62B0.dll
Fallback handler could not load library C:/Users/Axesys/Desktop/RimWorld.v1.3.3311/RimWorldWin64_Data/Mono/data-000002020EAF08D0.dll
Fallback handler could not load library C:/Users/Axesys/Desktop/RimWorld.v1.3.3311/RimWorldWin64_Data/Mono/data-000002020EB06100.dll
Fallback handler could not load library C:/Users/Axesys/Desktop/RimWorld.v1.3.3311/RimWorldWin64_Data/Mono/data-000002020EBD0130.dll
Fallback handler could not load library C:/Users/Axesys/Desktop/RimWorld.v1.3.3311/RimWorldWin64_Data/Mono/data-000002020EBEA010.dll
Fallback handler could not load library C:/Users/Axesys/Desktop/RimWorld.v1.3.3311/RimWorldWin64_Data/Mono/data-000002020EC08340.dll
Fallback handler could not load library C:/Users/Axesys/Desktop/RimWorld.v1.3.3311/RimWorldWin64_Data/Mono/data-000002020EC3E340.dll
Fallback handler could not load library C:/Users/Axesys/Desktop/RimWorld.v1.3.3311/RimWorldWin64_Data/Mono/data-000002020EC4AB50.dll
Fallback handler could not load library C:/Users/Axesys/Desktop/RimWorld.v1.3.3311/RimWorldWin64_Data/Mono/data-000002020EC55560.dll
Fallback handler could not load library C:/Users/Axesys/Desktop/RimWorld.v1.3.3311/RimWorldWin64_Data/Mono/data-000002020EC79D90.dll
Fallback handler could not load library C:/Users/Axesys/Desktop/RimWorld.v1.3.3311/RimWorldWin64_Data/Mono/data-000002020EC8C1B0.dll
Fallback handler could not load library C:/Users/Axesys/Desktop/RimWorld.v1.3.3311/RimWorldWin64_Data/Mono/data-000002020ECB83D0.dll
Fallback handler could not load library C:/Users/Axesys/Desktop/RimWorld.v1.3.3311/RimWorldWin64_Data/Mono/data-000002020ECC4DE0.dll
Fallback handler could not load library C:/Users/Axesys/Desktop/RimWorld.v1.3.3311/RimWorldWin64_Data/Mono/data-000002020EE8B990.dll
Fallback handler could not load library C:/Users/Axesys/Desktop/RimWorld.v1.3.3311/RimWorldWin64_Data/Mono/data-000002020EF65D90.dll
Fallback handler could not load library C:/Users/Axesys/Desktop/RimWorld.v1.3.3311/RimWorldWin64_Data/Mono/data-000002020EF74BB0.dll
Fallback handler could not load library C:/Users/Axesys/Desktop/RimWorld.v1.3.3311/RimWorldWin64_Data/Mono/data-000002020F03E7F0.dll
Fallback handler could not load library C:/Users/Axesys/Desktop/RimWorld.v1.3.3311/RimWorldWin64_Data/Mono/data-000002020F16DC40.dll
Fallback handler could not load library C:/Users/Axesys/Desktop/RimWorld.v1.3.3311/RimWorldWin64_Data/Mono/data-000002020F244A60.dll
Fallback handler could not load library C:/Users/Axesys/Desktop/RimWorld.v1.3.3311/RimWorldWin64_Data/Mono/data-000002020F33C4A0.dll
Fallback handler could not load library C:/Users/Axesys/Desktop/RimWorld.v1.3.3311/RimWorldWin64_Data/Mono/data-000002020B7726A0.dll
Fallback handler could not load library C:/Users/Axesys/Desktop/RimWorld.v1.3.3311/RimWorldWin64_Data/Mono/data-000002020F4380E0.dll
Fallback handler could not load library C:/Users/Axesys/Desktop/RimWorld.v1.3.3311/RimWorldWin64_Data/Mono/data-000002020F4A3010.dll
Fallback handler could not load library C:/Users/Axesys/Desktop/RimWorld.v1.3.3311/RimWorldWin64_Data/Mono/data-000002020F4E1830.dll
Fallback handler could not load library C:/Users/Axesys/Desktop/RimWorld.v1.3.3311/RimWorldWin64_Data/Mono/data-000002020F4F9040.dll
Fallback handler could not load library C:/Users/Axesys/Desktop/RimWorld.v1.3.3311/RimWorldWin64_Data/Mono/data-000002020F500A50.dll
Fallback handler could not load library C:/Users/Axesys/Desktop/RimWorld.v1.3.3311/RimWorldWin64_Data/Mono/data-000002020F50A470.dll
Fallback handler could not load library C:/Users/Axesys/Desktop/RimWorld.v1.3.3311/RimWorldWin64_Data/Mono/data-000002020BEA5290.dll
Fallback handler could not load library C:/Users/Axesys/Desktop/RimWorld.v1.3.3311/RimWorldWin64_Data/Mono/data-000002020BEAA8A0.dll
Fallback handler could not load library C:/Users/Axesys/Desktop/RimWorld.v1.3.3311/RimWorldWin64_Data/Mono/data-000002020BEB64B0.dll
Fallback handler could not load library C:/Users/Axesys/Desktop/RimWorld.v1.3.3311/RimWorldWin64_Data/Mono/data-000002020BEB7AC0.dll
Fallback handler could not load library C:/Users/Axesys/Desktop/RimWorld.v1.3.3311/RimWorldWin64_Data/Mono/data-000002020BEC62D0.dll
Fallback handler could not load library C:/Users/Axesys/Desktop/RimWorld.v1.3.3311/RimWorldWin64_Data/Mono/data-000002020BEDD100.dll
Fallback handler could not load library C:/Users/Axesys/Desktop/RimWorld.v1.3.3311/RimWorldWin64_Data/Mono/data-000002020F516C90.dll
Fallback handler could not load library C:/Users/Axesys/Desktop/RimWorld.v1.3.3311/RimWorldWin64_Data/Mono/data-000002020BF20340.dll
Fallback handler could not load library C:/Users/Axesys/Desktop/RimWorld.v1.3.3311/RimWorldWin64_Data/Mono/data-000002020BF24B50.dll
Fallback handler could not load library C:/Users/Axesys/Desktop/RimWorld.v1.3.3311/RimWorldWin64_Data/Mono/data-000002020BF27B60.dll
Fallback handler could not load library C:/Users/Axesys/Desktop/RimWorld.v1.3.3311/RimWorldWin64_Data/Mono/data-000002020BF2BD70.dll
Fallback handler could not load library C:/Users/Axesys/Desktop/RimWorld.v1.3.3311/RimWorldWin64_Data/Mono/data-000002020BF36D90.dll
ReflectionTypeLoadException getting types in assembly SimpleSidearms: System.Reflection.ReflectionTypeLoadException: Exception of type 'System.Reflection.ReflectionTypeLoadException' was thrown.
  at (wrapper managed-to-native) System.Reflection.Assembly.GetTypes(System.Reflection.Assembly,bool)
  at System.Reflection.Assembly.GetTypes () [0x00000] in <eae584ce26bc40229c1b1aa476bfa589>:0 
  at Verse.ModAssemblyHandler.AssemblyIsUsable (System.Reflection.Assembly asm) [0x00000] in <429f61c38f5649dd9be7f6c24f140b80>:0 

Loader exceptions:
   => System.TypeLoadException: Could not resolve type with token 01000063 (from typeref, class/assembly Harmony.CodeInstruction, 0Harmony, Version=1.2.0.1, Culture=neutral, PublicKeyToken=null)
 
(Filename: C:\buildslave\unity\build\Runtime/Export/Debug/Debug.bindings.h Line: 39)

Fallback handler could not load library C:/Users/Axesys/Desktop/RimWorld.v1.3.3311/RimWorldWin64_Data/Mono/data-000002020C082240.dll
Fallback handler could not load library C:/Users/Axesys/Desktop/RimWorld.v1.3.3311/RimWorldWin64_Data/Mono/data-000002020C16DE60.dll
Fallback handler could not load library C:/Users/Axesys/Desktop/RimWorld.v1.3.3311/RimWorldWin64_Data/Mono/data-000002020C23E690.dll
Fallback handler could not load library C:/Users/Axesys/Desktop/RimWorld.v1.3.3311/RimWorldWin64_Data/Mono/data-000002020C29F0B0.dll
Fallback handler could not load library C:/Users/Axesys/Desktop/RimWorld.v1.3.3311/RimWorldWin64_Data/Mono/data-000002020C2A6AC0.dll
Fallback handler could not load library C:/Users/Axesys/Desktop/RimWorld.v1.3.3311/RimWorldWin64_Data/Mono/data-000002020C2ABED0.dll
Fallback handler could not load library C:/Users/Axesys/Desktop/RimWorld.v1.3.3311/RimWorldWin64_Data/Mono/data-000002020C2B22E0.dll
Fallback handler could not load library C:/Users/Axesys/Desktop/RimWorld.v1.3.3311/RimWorldWin64_Data/Mono/data-000002020C369D00.dll
Fallback handler could not load library C:/Users/Axesys/Desktop/RimWorld.v1.3.3311/RimWorldWin64_Data/Mono/data-000002020C423120.dll
Fallback handler could not load library C:/Users/Axesys/Desktop/RimWorld.v1.3.3311/RimWorldWin64_Data/Mono/data-000002020C4D8150.dll
Fallback handler could not load library C:/Users/Axesys/Desktop/RimWorld.v1.3.3311/RimWorldWin64_Data/Mono/data-00000201E41A8890.dll
Fallback handler could not load library C:/Users/Axesys/Desktop/RimWorld.v1.3.3311/RimWorldWin64_Data/Mono/data-000002020C942080.dll
[HugsLib] version 9.0.1
Fallback handler could not load library C:/Users/Axesys/Desktop/RimWorld.v1.3.3311/RimWorldWin64_Data/Mono/data-00000202171A2020.dll
[HugsLib] early-initializing AllowTool
Fallback handler could not load library C:/Users/Axesys/Desktop/RimWorld.v1.3.3311/RimWorldWin64_Data/Mono/data-000002021768D020.dll
[VanillaAchievementsExpanded] version 1.3.7862
[Vanilla Furniture Expanded - Architect] Activating Replace Stuff compatibility patch
Dubs Skylight 1.5.1706
QualityBuilder successfully patched Replace Stuff
Combat Extended :: Harmony_GenRadial_RadialPatternCount :: Info: Post GenRadial patch maximum radius: 119.4194
Combat Extended :: initialized
dubwise.dubsbadhygiene 3.0.2156
dubwise.dubscentralheating v1.0.45
DubsMintMenus v1.3.977
Rimatomics 1.7.2473
[1.3]Graphics Setter - Loaded
Loaded What's That Mod.
Rimefeller 1.2.700
LWM Deep Storage: activated compatibility patch for Combat Extended
LWM Deep Storage: activated compatibility patch for Dubs Bad Hygiene
LWM Deep Storage: activated compatibility patch for Vanilla Cooking Expanded
Could not find a type named ReGrowthCore.CompAutumnLeavesSpawner 
(Filename: C:\buildslave\unity\build\Runtime/Export/Debug/Debug.bindings.h Line: 39)

Could not find a type named ReGrowthCore.CompAutumnLeavesSpawner 
(Filename: C:\buildslave\unity\build\Runtime/Export/Debug/Debug.bindings.h Line: 39)

Could not find a type named ReGrowthCore.CompAutumnLeavesSpawner 
(Filename: C:\buildslave\unity\build\Runtime/Export/Debug/Debug.bindings.h Line: 39)

Could not find a type named ReGrowthCore.CompAutumnLeavesSpawner 
(Filename: C:\buildslave\unity\build\Runtime/Export/Debug/Debug.bindings.h Line: 39)

Could not find type named ReGrowthCore.ThoughtExtensions from node <li Class="ReGrowthCore.ThoughtExtensions"><removeThoughtsWhenAdded><li>RG_Wet</li><li>RG_ExtremelyWet</li></removeThoughtsWhenAdded></li> 
(Filename: C:\buildslave\unity\build\Runtime/Export/Debug/Debug.bindings.h Line: 39)

Exception loading list element from XML: System.MissingMethodException: Default constructor not found for type Verse.DefModExtension
  at System.RuntimeType.CreateInstanceMono (System.Boolean nonPublic) [0x0007b] in <eae584ce26bc40229c1b1aa476bfa589>:0 
  at System.RuntimeType.CreateInstanceSlow (System.Boolean publicOnly, System.Boolean skipCheckThis, System.Boolean fillCache, System.Threading.StackCrawlMark& stackMark) [0x00009] in <eae584ce26bc40229c1b1aa476bfa589>:0 
  at System.RuntimeType.CreateInstanceDefaultCtor (System.Boolean publicOnly, System.Boolean skipCheckThis, System.Boolean fillCache, System.Threading.StackCrawlMark& stackMark) [0x00027] in <eae584ce26bc40229c1b1aa476bfa589>:0 
  at System.Activator.CreateInstance (System.Type type, System.Boolean nonPublic) [0x00020] in <eae584ce26bc40229c1b1aa476bfa589>:0 
  at System.Activator.CreateInstance (System.Type type) [0x00000] in <eae584ce26bc40229c1b1aa476bfa589>:0 
  at Verse.DirectXmlToObject.ObjectFromXml[T] (System.Xml.XmlNode xmlRoot, System.Boolean doPostLoad) [0x00519] in <429f61c38f5649dd9be7f6c24f140b80>:0 
  at Verse.DirectXmlToObject.ListFromXml[T] (System.Xml.XmlNode listRootNode) [0x000ab] in <429f61c38f5649dd9be7f6c24f140b80>:0 
XML:
<modExtensions><li Class="ReGrowthCore.ThoughtExtensions"><removeThoughtsWhenAdded><li>RG_Wet</li><li>RG_ExtremelyWet</li></removeThoughtsWhenAdded></li></modExtensions> 
(Filename: C:\buildslave\unity\build\Runtime/Export/Debug/Debug.bindings.h Line: 39)

Could not find a type named ReGrowthCore.DevilDust_Tornado 
(Filename: C:\buildslave\unity\build\Runtime/Export/Debug/Debug.bindings.h Line: 39)

Could not find a type named ReGrowthCore.JoyGiver_SwimInHotSpring 
(Filename: C:\buildslave\unity\build\Runtime/Export/Debug/Debug.bindings.h Line: 39)

Could not find a type named ReGrowthCore.JobDriver_SwimInHotSpring 
(Filename: C:\buildslave\unity\build\Runtime/Export/Debug/Debug.bindings.h Line: 39)

Could not find a type named ReGrowthCore.IncidentWorker_DevilDusts 
(Filename: C:\buildslave\unity\build\Runtime/Export/Debug/Debug.bindings.h Line: 39)

Could not find type named ReGrowthCore.ThoughtExtensions from node <li Class="ReGrowthCore.ThoughtExtensions"><removeThoughtsWhenAdded><li>RG_ExtremelyWet</li><li>SoakingWet</li></removeThoughtsWhenAdded></li> 
(Filename: C:\buildslave\unity\build\Runtime/Export/Debug/Debug.bindings.h Line: 39)

Exception loading list element from XML: System.MissingMethodException: Default constructor not found for type Verse.DefModExtension
  at System.RuntimeType.CreateInstanceMono (System.Boolean nonPublic) [0x0007b] in <eae584ce26bc40229c1b1aa476bfa589>:0 
  at System.RuntimeType.CreateInstanceSlow (System.Boolean publicOnly, System.Boolean skipCheckThis, System.Boolean fillCache, System.Threading.StackCrawlMark& stackMark) [0x00009] in <eae584ce26bc40229c1b1aa476bfa589>:0 
  at System.RuntimeType.CreateInstanceDefaultCtor (System.Boolean publicOnly, System.Boolean skipCheckThis, System.Boolean fillCache, System.Threading.StackCrawlMark& stackMark) [0x00027] in <eae584ce26bc40229c1b1aa476bfa589>:0 
  at System.Activator.CreateInstance (System.Type type, System.Boolean nonPublic) [0x00020] in <eae584ce26bc40229c1b1aa476bfa589>:0 
  at System.Activator.CreateInstance (System.Type type) [0x00000] in <eae584ce26bc40229c1b1aa476bfa589>:0 
  at Verse.DirectXmlToObject.ObjectFromXml[T] (System.Xml.XmlNode xmlRoot, System.Boolean doPostLoad) [0x00519] in <429f61c38f5649dd9be7f6c24f140b80>:0 
  at Verse.DirectXmlToObject.ListFromXml[T] (System.Xml.XmlNode listRootNode) [0x000ab] in <429f61c38f5649dd9be7f6c24f140b80>:0 
XML:
<modExtensions><li Class="ReGrowthCore.ThoughtExtensions"><removeThoughtsWhenAdded><li>RG_ExtremelyWet</li><li>SoakingWet</li></removeThoughtsWhenAdded></li></modExtensions> 
(Filename: C:\buildslave\unity\build\Runtime/Export/Debug/Debug.bindings.h Line: 39)

Could not find type named ReGrowthCore.ThoughtExtensions from node <li Class="ReGrowthCore.ThoughtExtensions"><removeThoughtsWhenAdded><li>RG_Wet</li><li>SoakingWet</li></removeThoughtsWhenAdded></li> 
(Filename: C:\buildslave\unity\build\Runtime/Export/Debug/Debug.bindings.h Line: 39)

Exception loading list element from XML: System.MissingMethodException: Default constructor not found for type Verse.DefModExtension
  at System.RuntimeType.CreateInstanceMono (System.Boolean nonPublic) [0x0007b] in <eae584ce26bc40229c1b1aa476bfa589>:0 
  at System.RuntimeType.CreateInstanceSlow (System.Boolean publicOnly, System.Boolean skipCheckThis, System.Boolean fillCache, System.Threading.StackCrawlMark& stackMark) [0x00009] in <eae584ce26bc40229c1b1aa476bfa589>:0 
  at System.RuntimeType.CreateInstanceDefaultCtor (System.Boolean publicOnly, System.Boolean skipCheckThis, System.Boolean fillCache, System.Threading.StackCrawlMark& stackMark) [0x00027] in <eae584ce26bc40229c1b1aa476bfa589>:0 
  at System.Activator.CreateInstance (System.Type type, System.Boolean nonPublic) [0x00020] in <eae584ce26bc40229c1b1aa476bfa589>:0 
  at System.Activator.CreateInstance (System.Type type) [0x00000] in <eae584ce26bc40229c1b1aa476bfa589>:0 
  at Verse.DirectXmlToObject.ObjectFromXml[T] (System.Xml.XmlNode xmlRoot, System.Boolean doPostLoad) [0x00519] in <429f61c38f5649dd9be7f6c24f140b80>:0 
  at Verse.DirectXmlToObject.ListFromXml[T] (System.Xml.XmlNode listRootNode) [0x000ab] in <429f61c38f5649dd9be7f6c24f140b80>:0 
XML:
<modExtensions><li Class="ReGrowthCore.ThoughtExtensions"><removeThoughtsWhenAdded><li>RG_Wet</li><li>SoakingWet</li></removeThoughtsWhenAdded></li></modExtensions> 
(Filename: C:\buildslave\unity\build\Runtime/Export/Debug/Debug.bindings.h Line: 39)

Could not find a type named SimpleSidearms.rimworld.JobDriver_EquipSidearm 
(Filename: C:\buildslave\unity\build\Runtime/Export/Debug/Debug.bindings.h Line: 39)

Could not find a type named SimpleSidearms.rimworld.JobDriver_EquipSidearmCombat 
(Filename: C:\buildslave\unity\build\Runtime/Export/Debug/Debug.bindings.h Line: 39)

Could not find type named SimpleSidearms.rimworld.JobGiver_RetrieveWeapon from node <thinkRoot Class="SimpleSidearms.rimworld.JobGiver_RetrieveWeapon" /> 
(Filename: C:\buildslave\unity\build\Runtime/Export/Debug/Debug.bindings.h Line: 39)

Exception loading from System.Xml.XmlElement: System.MissingMethodException: Default constructor not found for type Verse.AI.ThinkNode
  at System.RuntimeType.CreateInstanceMono (System.Boolean nonPublic) [0x0007b] in <eae584ce26bc40229c1b1aa476bfa589>:0 
  at System.RuntimeType.CreateInstanceSlow (System.Boolean publicOnly, System.Boolean skipCheckThis, System.Boolean fillCache, System.Threading.StackCrawlMark& stackMark) [0x00009] in <eae584ce26bc40229c1b1aa476bfa589>:0 
  at System.RuntimeType.CreateInstanceDefaultCtor (System.Boolean publicOnly, System.Boolean skipCheckThis, System.Boolean fillCache, System.Threading.StackCrawlMark& stackMark) [0x00027] in <eae584ce26bc40229c1b1aa476bfa589>:0 
  at System.Activator.CreateInstance (System.Type type, System.Boolean nonPublic) [0x00020] in <eae584ce26bc40229c1b1aa476bfa589>:0 
  at System.Activator.CreateInstance (System.Type type) [0x00000] in <eae584ce26bc40229c1b1aa476bfa589>:0 
  at Verse.DirectXmlToObject.ObjectFromXml[T] (System.Xml.XmlNode xmlRoot, System.Boolean doPostLoad) [0x00519] in <429f61c38f5649dd9be7f6c24f140b80>:0 
  at Verse.DirectXmlToObject.ObjectFromXmlReflection[T] (System.Xml.XmlNode xmlRoot, System.Boolean doPostLoad) [0x00000] in <429f61c38f5649dd9be7f6c24f140b80>:0 
  at Verse.DirectXmlToObject.ObjectFromXml[T] (System.Xml.XmlNode xmlRoot, System.Boolean doPostLoad) [0x00917] in <429f61c38f5649dd9be7f6c24f140b80>:0  
(Filename: C:\buildslave\unity\build\Runtime/Export/Debug/Debug.bindings.h Line: 39)

Could not find type named CompProperties_RoomIdentifier from node <li Class="CompProperties_RoomIdentifier"><roomStat>Impressiveness</roomStat></li> 
(Filename: C:\buildslave\unity\build\Runtime/Export/Debug/Debug.bindings.h Line: 39)

XML error: <roomStat>Impressiveness</roomStat> doesn't correspond to any field in type CompProperties. Context: <li Class="CompProperties_RoomIdentifier"><roomStat>Impressiveness</roomStat></li> 
(Filename: C:\buildslave\unity\build\Runtime/Export/Debug/Debug.bindings.h Line: 39)

XML error: <menuHidden>true</menuHidden> doesn't correspond to any field in type ThingDef. Context: <ThingDef ParentName="RimefellerPipeBase"><category>Building</category><thingClass>Rimefeller.Building_Pipe</thingClass><soundImpactDefault>BulletImpact_Metal</soundImpactDefault><selectable>true</selectable><drawerType>MapMeshOnly</drawerType><terrainAffordanceNeeded>Light</terrainAffordanceNeeded><repairEffect>Repair</repairEffect><leaveResourcesWhenKilled>false</leaveResourcesWhenKilled><filthLeaving>Filth_RubbleBuilding</filthLeaving><designationCategory>Rimefeller</designationCategory><passability>Standable</passability><altitudeLayer>Conduits</altitudeLayer><tickerType>Never</tickerType><statBases><SellPriceFactor>0.70</SellPriceFactor><MaxHitPoints>80</MaxHitPoints><WorkToBuild>260</WorkToBuild><Flammability>1.0</Flammability></statBases><graphicData><texPath>Rimefeller/Things/Building/oilPipe_Atlas</texPath><graphicClass>Graphic_Single</graphicClass><linkType>Basic</linkType><linkFlags><li>Custom6</li></linkFlags><damageData><rect>(0,0.35,1,0.3)</rect></damageData></graphicData><building><blueprintGraphicData><texPath>Rimefeller/Things/Building/oilPipe_Atlas_Blueprint</texPath></blueprintGraphicData><isInert>true</isInert><isEdifice>false</isEdifice></building><placingDraggableDimensions>1</placingDraggableDimensions><rotatable>false</rotatable><neverMultiSelect>true</neverMultiSelect><clearBuildingArea>false</clearBuildingArea><placeWorkers><li>Rimefeller.PlaceWorker_Pipe</li></placeWorkers><defName>OilPipeline</defName><label>Oil Pipeline</label><description>Plumbing for connecting plumbed things.</description><uiIconPath>Rimefeller/UI/Plumbing</uiIconPath><costList><Steel>1</Steel></costList><comps><li Class="Rimefeller.CompProperties_Pipe" /></comps><researchPrerequisites><li>OilDrilling</li></researchPrerequisites><menuHidden>true</menuHidden></ThingDef> 
(Filename: C:\buildslave\unity\build\Runtime/Export/Debug/Debug.bindings.h Line: 39)

[Combat Extended] Patch operation Verse.PatchOperationAdd(/Defs/PawnKindDef[@Name="TribalChiefBase"]/apparelRequired) failed
file: C:\Users\Axesys\Desktop\RimWorld.v1.3.3311\Mods\combatg extended\Patches\Core\PawnKindDefs_Humanlike\PawnKinds.xml 
(Filename: C:\buildslave\unity\build\Runtime/Export/Debug/Debug.bindings.h Line: 39)

[Combat Extended] Patch operation Verse.PatchOperationFindMod(Rimefeller) failed
file: C:\Users\Axesys\Desktop\RimWorld.v1.3.3311\Mods\combatg extended\Patches\Rimefeller\Napalm_Tweaks.xml 
(Filename: C:\buildslave\unity\build\Runtime/Export/Debug/Debug.bindings.h Line: 39)

[Combat Extended] Patch operation Verse.PatchOperationFindMod(Vanilla Factions Expanded - Mechanoids) failed
file: C:\Users\Axesys\Desktop\RimWorld.v1.3.3311\Mods\combatg extended\Patches\Vanilla Factions Expanded - Mechanoids\ThingDefs_Misc\Weapons_Mech.xml 
(Filename: C:\buildslave\unity\build\Runtime/Export/Debug/Debug.bindings.h Line: 39)

Could not resolve cross-reference: No Verse.WeatherDef named RG_FoggySnow found to give to RimWorld.WeatherCommonalityRecord RimWorld.WeatherCommonalityRecord 
(Filename: C:\buildslave\unity\build\Runtime/Export/Debug/Debug.bindings.h Line: 39)

Could not resolve cross-reference: No Verse.WeatherDef named RG_Windy found to give to RimWorld.WeatherCommonalityRecord RimWorld.WeatherCommonalityRecord 
(Filename: C:\buildslave\unity\build\Runtime/Export/Debug/Debug.bindings.h Line: 39)

Could not resolve cross-reference: No Verse.WeatherDef named RG_Overcast found to give to RimWorld.WeatherCommonalityRecord RimWorld.WeatherCommonalityRecord 
(Filename: C:\buildslave\unity\build\Runtime/Export/Debug/Debug.bindings.h Line: 39)

Could not resolve cross-reference: No Verse.WeatherDef named RG_Hail found to give to RimWorld.WeatherCommonalityRecord RimWorld.WeatherCommonalityRecord 
(Filename: C:\buildslave\unity\build\Runtime/Export/Debug/Debug.bindings.h Line: 39)

Could not resolve cross-reference: No Verse.WeatherDef named RG_FoggySnow found to give to RimWorld.WeatherCommonalityRecord RimWorld.WeatherCommonalityRecord 
(Filename: C:\buildslave\unity\build\Runtime/Export/Debug/Debug.bindings.h Line: 39)

Could not resolve cross-reference: No Verse.WeatherDef named RG_Drizzle found to give to RimWorld.WeatherCommonalityRecord RimWorld.WeatherCommonalityRecord 
(Filename: C:\buildslave\unity\build\Runtime/Export/Debug/Debug.bindings.h Line: 39)

Could not resolve cross-reference: No Verse.WeatherDef named RG_Blizzard found to give to RimWorld.WeatherCommonalityRecord RimWorld.WeatherCommonalityRecord 
(Filename: C:\buildslave\unity\build\Runtime/Export/Debug/Debug.bindings.h Line: 39)

Could not resolve cross-reference: No Verse.WeatherDef named RG_Windy found to give to RimWorld.WeatherCommonalityRecord RimWorld.WeatherCommonalityRecord 
(Filename: C:\buildslave\unity\build\Runtime/Export/Debug/Debug.bindings.h Line: 39)

Could not resolve cross-reference: No Verse.WeatherDef named RG_Drizzle found to give to RimWorld.WeatherCommonalityRecord RimWorld.WeatherCommonalityRecord 
(Filename: C:\buildslave\unity\build\Runtime/Export/Debug/Debug.bindings.h Line: 39)

Could not resolve cross-reference: No RimWorld.StatDef named SmithingSpeed found to give to Verse.RecipeDef SNS_Production_Unobtainium 
(Filename: C:\buildslave\unity\build\Runtime/Export/Debug/Debug.bindings.h Line: 39)

Could not resolve cross-reference: No Verse.WeatherDef named RG_Monsoon found to give to RimWorld.WeatherCommonalityRecord RimWorld.WeatherCommonalityRecord 
(Filename: C:\buildslave\unity\build\Runtime/Export/Debug/Debug.bindings.h Line: 39)

Could not resolve cross-reference: No Verse.WeatherDef named RG_FoggySnow found to give to RimWorld.WeatherCommonalityRecord RimWorld.WeatherCommonalityRecord 
(Filename: C:\buildslave\unity\build\Runtime/Export/Debug/Debug.bindings.h Line: 39)

Could not resolve cross-reference: No Verse.WeatherDef named RG_Overcast found to give to RimWorld.WeatherCommonalityRecord RimWorld.WeatherCommonalityRecord 
(Filename: C:\buildslave\unity\build\Runtime/Export/Debug/Debug.bindings.h Line: 39)

Could not resolve cross-reference: No RimWorld.StatDef named SmithingSpeed found to give to Verse.RecipeDef SNS_Production_Unobtainium_Fiber 
(Filename: C:\buildslave\unity\build\Runtime/Export/Debug/Debug.bindings.h Line: 39)

Could not resolve cross-reference: No Verse.WeatherDef named RG_Overcast found to give to RimWorld.WeatherCommonalityRecord RimWorld.WeatherCommonalityRecord 
(Filename: C:\buildslave\unity\build\Runtime/Export/Debug/Debug.bindings.h Line: 39)

Could not resolve cross-reference: No Verse.WeatherDef named RG_FoggySandstorm found to give to RimWorld.WeatherCommonalityRecord RimWorld.WeatherCommonalityRecord 
(Filename: C:\buildslave\unity\build\Runtime/Export/Debug/Debug.bindings.h Line: 39)

Could not resolve cross-reference: No Verse.WeatherDef named RG_FoggySnow found to give to RimWorld.WeatherCommonalityRecord RimWorld.WeatherCommonalityRecord 
(Filename: C:\buildslave\unity\build\Runtime/Export/Debug/Debug.bindings.h Line: 39)

Could not resolve cross-reference: No Verse.WeatherDef named RG_Overcast found to give to RimWorld.WeatherCommonalityRecord RimWorld.WeatherCommonalityRecord 
(Filename: C:\buildslave\unity\build\Runtime/Export/Debug/Debug.bindings.h Line: 39)

Could not resolve cross-reference: No Verse.WeatherDef named RG_Overcast found to give to RimWorld.WeatherCommonalityRecord RimWorld.WeatherCommonalityRecord 
(Filename: C:\buildslave\unity\build\Runtime/Export/Debug/Debug.bindings.h Line: 39)

Could not resolve cross-reference: No RimWorld.StatDef named SmithingSpeed found to give to Verse.RecipeDef SNS_Production_Unobtainium_FiberCompress 
(Filename: C:\buildslave\unity\build\Runtime/Export/Debug/Debug.bindings.h Line: 39)

Could not resolve cross-reference: No Verse.WeatherDef named RG_Windy found to give to RimWorld.WeatherCommonalityRecord RimWorld.WeatherCommonalityRecord 
(Filename: C:\buildslave\unity\build\Runtime/Export/Debug/Debug.bindings.h Line: 39)

Could not resolve cross-reference: No Verse.WeatherDef named RG_SandStorm found to give to RimWorld.WeatherCommonalityRecord RimWorld.WeatherCommonalityRecord 
(Filename: C:\buildslave\unity\build\Runtime/Export/Debug/Debug.bindings.h Line: 39)

Could not resolve cross-reference: No Verse.WeatherDef named RG_Windy found to give to RimWorld.WeatherCommonalityRecord RimWorld.WeatherCommonalityRecord 
(Filename: C:\buildslave\unity\build\Runtime/Export/Debug/Debug.bindings.h Line: 39)

Could not resolve cross-reference: No Verse.WeatherDef named RG_Monsoon found to give to RimWorld.WeatherCommonalityRecord RimWorld.WeatherCommonalityRecord 
(Filename: C:\buildslave\unity\build\Runtime/Export/Debug/Debug.bindings.h Line: 39)

Could not resolve cross-reference: No RimWorld.StatDef named SmithingSpeed found to give to Verse.RecipeDef SNS_Production_Fuel 
(Filename: C:\buildslave\unity\build\Runtime/Export/Debug/Debug.bindings.h Line: 39)

Could not resolve cross-reference: No Verse.WeatherDef named RG_Windy found to give to RimWorld.WeatherCommonalityRecord RimWorld.WeatherCommonalityRecord 
(Filename: C:\buildslave\unity\build\Runtime/Export/Debug/Debug.bindings.h Line: 39)

Could not resolve cross-reference: No Verse.WeatherDef named RG_Windy found to give to RimWorld.WeatherCommonalityRecord RimWorld.WeatherCommonalityRecord 
(Filename: C:\buildslave\unity\build\Runtime/Export/Debug/Debug.bindings.h Line: 39)

Could not resolve cross-reference: No Verse.WeatherDef named RG_Monsoon found to give to RimWorld.WeatherCommonalityRecord RimWorld.WeatherCommonalityRecord 
(Filename: C:\buildslave\unity\build\Runtime/Export/Debug/Debug.bindings.h Line: 39)

Could not resolve cross-reference: No Verse.WeatherDef named RG_Monsoon found to give to RimWorld.WeatherCommonalityRecord RimWorld.WeatherCommonalityRecord 
(Filename: C:\buildslave\unity\build\Runtime/Export/Debug/Debug.bindings.h Line: 39)

Could not resolve cross-reference: No Verse.WeatherDef named RG_Blizzard found to give to RimWorld.WeatherCommonalityRecord RimWorld.WeatherCommonalityRecord 
(Filename: C:\buildslave\unity\build\Runtime/Export/Debug/Debug.bindings.h Line: 39)

Could not resolve cross-reference: No Verse.WeatherDef named RG_SandStormHard found to give to RimWorld.WeatherCommonalityRecord RimWorld.WeatherCommonalityRecord 
(Filename: C:\buildslave\unity\build\Runtime/Export/Debug/Debug.bindings.h Line: 39)

Could not resolve cross-reference: No Verse.WeatherDef named RG_Hail found to give to RimWorld.WeatherCommonalityRecord RimWorld.WeatherCommonalityRecord 
(Filename: C:\buildslave\unity\build\Runtime/Export/Debug/Debug.bindings.h Line: 39)

Could not resolve cross-reference: No Verse.WeatherDef named RG_Hail found to give to RimWorld.WeatherCommonalityRecord RimWorld.WeatherCommonalityRecord 
(Filename: C:\buildslave\unity\build\Runtime/Export/Debug/Debug.bindings.h Line: 39)

Could not resolve cross-reference: No Verse.WeatherDef named RG_Hail found to give to RimWorld.WeatherCommonalityRecord RimWorld.WeatherCommonalityRecord 
(Filename: C:\buildslave\unity\build\Runtime/Export/Debug/Debug.bindings.h Line: 39)

Could not resolve cross-reference: No Verse.WeatherDef named RG_Drizzle found to give to RimWorld.WeatherCommonalityRecord RimWorld.WeatherCommonalityRecord 
(Filename: C:\buildslave\unity\build\Runtime/Export/Debug/Debug.bindings.h Line: 39)

Could not resolve cross-reference: No Verse.WeatherDef named RG_Windy found to give to RimWorld.WeatherCommonalityRecord RimWorld.WeatherCommonalityRecord 
(Filename: C:\buildslave\unity\build\Runtime/Export/Debug/Debug.bindings.h Line: 39)

Could not resolve cross-reference: No Verse.WeatherDef named RG_Drizzle found to give to RimWorld.WeatherCommonalityRecord RimWorld.WeatherCommonalityRecord 
(Filename: C:\buildslave\unity\build\Runtime/Export/Debug/Debug.bindings.h Line: 39)

Could not resolve cross-reference: No Verse.WeatherDef named RG_Monsoon found to give to RimWorld.WeatherCommonalityRecord RimWorld.WeatherCommonalityRecord 
(Filename: C:\buildslave\unity\build\Runtime/Export/Debug/Debug.bindings.h Line: 39)

Could not resolve cross-reference: No Verse.WeatherDef named RG_Drizzle found to give to RimWorld.WeatherCommonalityRecord RimWorld.WeatherCommonalityRecord 
(Filename: C:\buildslave\unity\build\Runtime/Export/Debug/Debug.bindings.h Line: 39)

Could not resolve cross-reference: No Verse.WeatherDef named RG_FoggySnow found to give to RimWorld.WeatherCommonalityRecord RimWorld.WeatherCommonalityRecord 
(Filename: C:\buildslave\unity\build\Runtime/Export/Debug/Debug.bindings.h Line: 39)

Could not resolve cross-reference: No Verse.WeatherDef named RG_FoggySandstorm found to give to RimWorld.WeatherCommonalityRecord RimWorld.WeatherCommonalityRecord 
(Filename: C:\buildslave\unity\build\Runtime/Export/Debug/Debug.bindings.h Line: 39)

Could not resolve cross-reference: No Verse.WeatherDef named RG_FoggySnow found to give to RimWorld.WeatherCommonalityRecord RimWorld.WeatherCommonalityRecord 
(Filename: C:\buildslave\unity\build\Runtime/Export/Debug/Debug.bindings.h Line: 39)

Could not resolve cross-reference: No Verse.WeatherDef named RG_Overcast found to give to RimWorld.WeatherCommonalityRecord RimWorld.WeatherCommonalityRecord 
(Filename: C:\buildslave\unity\build\Runtime/Export/Debug/Debug.bindings.h Line: 39)

Could not resolve cross-reference: No Verse.WeatherDef named RG_FoggySandstorm found to give to RimWorld.WeatherCommonalityRecord RimWorld.WeatherCommonalityRecord 
(Filename: C:\buildslave\unity\build\Runtime/Export/Debug/Debug.bindings.h Line: 39)

Could not resolve cross-reference: No RimWorld.StatDef named SmithingSpeed found to give to Verse.RecipeDef SNS_Production_Hidden 
(Filename: C:\buildslave\unity\build\Runtime/Export/Debug/Debug.bindings.h Line: 39)

Could not resolve cross-reference: No Verse.WeatherDef named RG_Overcast found to give to RimWorld.WeatherCommonalityRecord RimWorld.WeatherCommonalityRecord 
(Filename: C:\buildslave\unity\build\Runtime/Export/Debug/Debug.bindings.h Line: 39)

Could not resolve cross-reference: No Verse.WeatherDef named RG_SandStorm found to give to RimWorld.WeatherCommonalityRecord RimWorld.WeatherCommonalityRecord 
(Filename: C:\buildslave\unity\build\Runtime/Export/Debug/Debug.bindings.h Line: 39)

Could not resolve cross-reference: No Verse.WeatherDef named RG_FoggySnow found to give to RimWorld.WeatherCommonalityRecord RimWorld.WeatherCommonalityRecord 
(Filename: C:\buildslave\unity\build\Runtime/Export/Debug/Debug.bindings.h Line: 39)

Could not resolve cross-reference: No Verse.WeatherDef named RG_Blizzard found to give to RimWorld.WeatherCommonalityRecord RimWorld.WeatherCommonalityRecord 
(Filename: C:\buildslave\unity\build\Runtime/Export/Debug/Debug.bindings.h Line: 39)

Could not resolve cross-reference: No Verse.WeatherDef named RG_SandStorm found to give to RimWorld.WeatherCommonalityRecord RimWorld.WeatherCommonalityRecord 
(Filename: C:\buildslave\unity\build\Runtime/Export/Debug/Debug.bindings.h Line: 39)

Could not resolve cross-reference: No Verse.WeatherDef named RG_Hail found to give to RimWorld.WeatherCommonalityRecord RimWorld.WeatherCommonalityRecord 
(Filename: C:\buildslave\unity\build\Runtime/Export/Debug/Debug.bindings.h Line: 39)

Could not resolve cross-reference: No Verse.WeatherDef named RG_Blizzard found to give to RimWorld.WeatherCommonalityRecord RimWorld.WeatherCommonalityRecord 
(Filename: C:\buildslave\unity\build\Runtime/Export/Debug/Debug.bindings.h Line: 39)

Could not resolve cross-reference: No Verse.WeatherDef named RG_SandStormHard found to give to RimWorld.WeatherCommonalityRecord RimWorld.WeatherCommonalityRecord 
(Filename: C:\buildslave\unity\build\Runtime/Export/Debug/Debug.bindings.h Line: 39)

Could not resolve cross-reference: No Verse.WeatherDef named RG_Overcast found to give to RimWorld.WeatherCommonalityRecord RimWorld.WeatherCommonalityRecord 
(Filename: C:\buildslave\unity\build\Runtime/Export/Debug/Debug.bindings.h Line: 39)

Could not resolve cross-reference: No Verse.WeatherDef named RG_Windy found to give to RimWorld.WeatherCommonalityRecord RimWorld.WeatherCommonalityRecord 
(Filename: C:\buildslave\unity\build\Runtime/Export/Debug/Debug.bindings.h Line: 39)

Could not resolve cross-reference: No Verse.WeatherDef named RG_Hail found to give to RimWorld.WeatherCommonalityRecord RimWorld.WeatherCommonalityRecord 
(Filename: C:\buildslave\unity\build\Runtime/Export/Debug/Debug.bindings.h Line: 39)

Could not resolve cross-reference: No Verse.WeatherDef named RG_Hail found to give to RimWorld.WeatherCommonalityRecord RimWorld.WeatherCommonalityRecord 
(Filename: C:\buildslave\unity\build\Runtime/Export/Debug/Debug.bindings.h Line: 39)

Could not resolve cross-reference: No Verse.WeatherDef named RG_Windy found to give to RimWorld.WeatherCommonalityRecord RimWorld.WeatherCommonalityRecord 
(Filename: C:\buildslave\unity\build\Runtime/Export/Debug/Debug.bindings.h Line: 39)

Could not resolve cross-reference: No Verse.WeatherDef named RG_Blizzard found to give to RimWorld.WeatherCommonalityRecord RimWorld.WeatherCommonalityRecord 
(Filename: C:\buildslave\unity\build\Runtime/Export/Debug/Debug.bindings.h Line: 39)

Could not resolve cross-reference to RimWorld.StuffCategoryDef named Leather (wanter=categories) 
(Filename: C:\buildslave\unity\build\Runtime/Export/Debug/Debug.bindings.h Line: 39)

Could not resolve cross-reference: No Verse.WeatherDef named RG_Drizzle found to give to RimWorld.WeatherCommonalityRecord RimWorld.WeatherCommonalityRecord 
(Filename: C:\buildslave\unity\build\Runtime/Export/Debug/Debug.bindings.h Line: 39)

Could not resolve cross-reference: No Verse.WeatherDef named RG_Drizzle found to give to RimWorld.WeatherCommonalityRecord RimWorld.WeatherCommonalityRecord 
(Filename: C:\buildslave\unity\build\Runtime/Export/Debug/Debug.bindings.h Line: 39)

Could not resolve cross-reference: No Verse.WeatherDef named RG_Blizzard found to give to RimWorld.WeatherCommonalityRecord RimWorld.WeatherCommonalityRecord 
(Filename: C:\buildslave\unity\build\Runtime/Export/Debug/Debug.bindings.h Line: 39)

Could not resolve cross-reference: No Verse.WeatherDef named RG_Hail found to give to RimWorld.WeatherCommonalityRecord RimWorld.WeatherCommonalityRecord 
(Filename: C:\buildslave\unity\build\Runtime/Export/Debug/Debug.bindings.h Line: 39)

Could not resolve cross-reference: No Verse.WeatherDef named RG_Overcast found to give to RimWorld.WeatherCommonalityRecord RimWorld.WeatherCommonalityRecord 
(Filename: C:\buildslave\unity\build\Runtime/Export/Debug/Debug.bindings.h Line: 39)

Could not resolve cross-reference: No Verse.WeatherDef named RG_Hail found to give to RimWorld.WeatherCommonalityRecord RimWorld.WeatherCommonalityRecord 
(Filename: C:\buildslave\unity\build\Runtime/Export/Debug/Debug.bindings.h Line: 39)

Could not resolve cross-reference to RimWorld.StuffCategoryDef named ResourcesRaw (wanter=categories) 
(Filename: C:\buildslave\unity\build\Runtime/Export/Debug/Debug.bindings.h Line: 39)

Could not resolve cross-reference: No Verse.WeatherDef named RG_Monsoon found to give to RimWorld.WeatherCommonalityRecord RimWorld.WeatherCommonalityRecord 
(Filename: C:\buildslave\unity\build\Runtime/Export/Debug/Debug.bindings.h Line: 39)

Could not resolve cross-reference: No Verse.WeatherDef named RG_Drizzle found to give to RimWorld.WeatherCommonalityRecord RimWorld.WeatherCommonalityRecord 
(Filename: C:\buildslave\unity\build\Runtime/Export/Debug/Debug.bindings.h Line: 39)

Could not resolve cross-reference: No Verse.WeatherDef named RG_FoggySnow found to give to RimWorld.WeatherCommonalityRecord RimWorld.WeatherCommonalityRecord 
(Filename: C:\buildslave\unity\build\Runtime/Export/Debug/Debug.bindings.h Line: 39)

Could not resolve cross-reference: No Verse.WeatherDef named RG_FoggySnow found to give to RimWorld.WeatherCommonalityRecord RimWorld.WeatherCommonalityRecord 
(Filename: C:\buildslave\unity\build\Runtime/Export/Debug/Debug.bindings.h Line: 39)

Could not resolve cross-reference: No Verse.WeatherDef named RG_SandStormHard found to give to RimWorld.WeatherCommonalityRecord RimWorld.WeatherCommonalityRecord 
(Filename: C:\buildslave\unity\build\Runtime/Export/Debug/Debug.bindings.h Line: 39)

Could not resolve cross-reference: No Verse.WeatherDef named RG_Drizzle found to give to RimWorld.WeatherCommonalityRecord RimWorld.WeatherCommonalityRecord 
(Filename: C:\buildslave\unity\build\Runtime/Export/Debug/Debug.bindings.h Line: 39)

Could not resolve cross-reference: No Verse.WeatherDef named RG_Hail found to give to RimWorld.WeatherCommonalityRecord RimWorld.WeatherCommonalityRecord 
(Filename: C:\buildslave\unity\build\Runtime/Export/Debug/Debug.bindings.h Line: 39)

Could not resolve cross-reference: No Verse.WeatherDef named RG_Windy found to give to RimWorld.WeatherCommonalityRecord RimWorld.WeatherCommonalityRecord 
(Filename: C:\buildslave\unity\build\Runtime/Export/Debug/Debug.bindings.h Line: 39)

Could not resolve cross-reference: No Verse.WeatherDef named RG_Drizzle found to give to RimWorld.WeatherCommonalityRecord RimWorld.WeatherCommonalityRecord 
(Filename: C:\buildslave\unity\build\Runtime/Export/Debug/Debug.bindings.h Line: 39)

Could not resolve cross-reference: No Verse.WeatherDef named RG_FoggySnow found to give to RimWorld.WeatherCommonalityRecord RimWorld.WeatherCommonalityRecord 
(Filename: C:\buildslave\unity\build\Runtime/Export/Debug/Debug.bindings.h Line: 39)

Could not resolve cross-reference: No Verse.WeatherDef named RG_Monsoon found to give to RimWorld.WeatherCommonalityRecord RimWorld.WeatherCommonalityRecord 
(Filename: C:\buildslave\unity\build\Runtime/Export/Debug/Debug.bindings.h Line: 39)

Could not resolve cross-reference: No Verse.WeatherDef named RG_Overcast found to give to RimWorld.WeatherCommonalityRecord RimWorld.WeatherCommonalityRecord 
(Filename: C:\buildslave\unity\build\Runtime/Export/Debug/Debug.bindings.h Line: 39)

Could not resolve cross-reference: No Verse.WeatherDef named RG_Overcast found to give to RimWorld.WeatherCommonalityRecord RimWorld.WeatherCommonalityRecord 
(Filename: C:\buildslave\unity\build\Runtime/Export/Debug/Debug.bindings.h Line: 39)

Could not resolve cross-reference: No Verse.WeatherDef named RG_Windy found to give to RimWorld.WeatherCommonalityRecord RimWorld.WeatherCommonalityRecord 
(Filename: C:\buildslave\unity\build\Runtime/Export/Debug/Debug.bindings.h Line: 39)

Could not resolve cross-reference: No Verse.WeatherDef named RG_Hail found to give to RimWorld.WeatherCommonalityRecord RimWorld.WeatherCommonalityRecord 
(Filename: C:\buildslave\unity\build\Runtime/Export/Debug/Debug.bindings.h Line: 39)

Could not resolve cross-reference: No Verse.WeatherDef named RG_FoggySnow found to give to RimWorld.WeatherCommonalityRecord RimWorld.WeatherCommonalityRecord 
(Filename: C:\buildslave\unity\build\Runtime/Export/Debug/Debug.bindings.h Line: 39)

Error while resolving references for def WeaponRetrieval: System.NullReferenceException: Object reference not set to an instance of an object
  at Verse.ThinkTreeDef.ResolveReferences () [0x00000] in <429f61c38f5649dd9be7f6c24f140b80>:0 
  at Verse.DefDatabase`1+<>c__DisplayClass15_0[T].<ResolveAllReferences>b__0 (T def) [0x0002f] in <429f61c38f5649dd9be7f6c24f140b80>:0  
(Filename: C:\buildslave\unity\build\Runtime/Export/Debug/Debug.bindings.h Line: 39)

<color=orange>[OskarObnoxious]</color> version 1.3.0010
Mod Share The Load did not load any content. Following load folders were used:
  - C:\Users\Axesys\Desktop\RimWorld.v1.3.3311\Mods\Share The Load\1.1
  - C:\Users\Axesys\Desktop\RimWorld.v1.3.3311\Mods\Share The Load 
(Filename: C:\buildslave\unity\build\Runtime/Export/Debug/Debug.bindings.h Line: 39)

Mod Mortar Accuracy did not load any content. Following load folders were used:
  - C:\Users\Axesys\Desktop\RimWorld.v1.3.3311\Mods\Mortar Accuracy 
(Filename: C:\buildslave\unity\build\Runtime/Export/Debug/Debug.bindings.h Line: 39)

Mod Project RimFactory Revived did not load any content. Following load folders were used:
  - C:\Users\Axesys\Desktop\RimWorld.v1.3.3311\Mods\Project RimFactory Revived\1.2
  - C:\Users\Axesys\Desktop\RimWorld.v1.3.3311\Mods\Project RimFactory Revived 
(Filename: C:\buildslave\unity\build\Runtime/Export/Debug/Debug.bindings.h Line: 39)

Texture DryadNestA has dimensions of 128 x 128, but its mask has 256 x 256. This is not supported, texture will be excluded from atlas 
(Filename: C:\buildslave\unity\build\Runtime/Export/Debug/Debug.bindings.h Line: 39)

Texture DryadNestA has dimensions of 128 x 128, but its mask has 256 x 256. This is not supported, texture will be excluded from atlas 
(Filename: C:\buildslave\unity\build\Runtime/Export/Debug/Debug.bindings.h Line: 39)

Translation data for language English has 125 errors. Generate translation report for more info. 
(Filename: C:\buildslave\unity\build\Runtime/Export/Debug/Debug.bindings.h Line: 39)

<color=orange>[CSG]</color> Symbols Creator Started.
<color=orange>[CSG]</color> Created 19881 symbolDefs for 5 mods. Took 00.03s.
[Spaceports] Fucking around with reflection and DBH...
[Spaceports] Okay, showtime!
[Spaceports] Hospitality FOUND, attempting to patch...
[Spaceports] Attempting to postfix Verse.AI.Group.LordMaker.MakeNewLord...
[Spaceports] Attempting to postfix Verse.AI.Group.LordManager.ExposeData...
[Spaceports] Attempting to prefix Hospitality.IncidentWorker_VisitorGroup.TryExecuteWorker...
[Spaceports] Hospitality + SOS2 not found, integration patches bypassed.
[Spaceports] Trader Ships/Themis Traders FOUND, attempting to patch...
[Spaceports] Attempting to postfix TraderShips.IncidentWorkerTraderShip.FindCloseLandingSpot...
[RealRuins][System]: RealRuins started patching at 10/9/2022 3:29:18 AM
[RealRuins][System]: RealRuins performing manual patching optional mods at 10/9/2022 3:29:18 AM
[RealRuins][System]: SRTS found, patching...
[RealRuins][System]: RealRuins finished patching at 10/9/2022 3:29:18 AM (23.3566 msec)
PickUpAndHaul v0.1.3.2 welcomes you to RimWorld with pointless logspam.
[Map Designer for 1.3] Initializing.... 
Found Map Reroll
[Map Designer] Finding biomes...
[Map Designer] Applying settings
[Map Designer] Terrain settings: Default
CE successfully patched 0 animals
CE successfully patched 0 humanoid alien races
Locks: Doors expanded not found 
Locks: SoS2 not found 
[SRTS Expanded] Compatibility with Save our Ship 2 and Combat Extended are temporarily disabled at the moment. SoS2 compatibility will happen soon(ish), CE compatibility will not. 
(Filename: C:\buildslave\unity\build\Runtime/Export/Debug/Debug.bindings.h Line: 39)

Alien race successfully completed 180 patches with harmony.
[GLF] Applying compatibility patches for MapReroll.
[Soil Relocation 1.2.3] Initializing..
[ToggleablePatch] Processing 6 patches for "UdderlyEvelyn.SoilRelocation"..
[ToggleablePatch] Applying patches in patch group "Dubs Skylights Glass Uses Sand"..
[ToggleablePatch] Applying patch "Dubs Skylights Glass Uses Sand", patching Dubwise.DubsSkylights.SmeltGlass (Verse.RecipeDef)..
[ToggleablePatch] Applying patch "Dubs Skylights Glass 4x Uses Sand 4x", patching Dubwise.DubsSkylights.SmeltGlass4x (Verse.RecipeDef)..
[ToggleablePatch] Skipping application of patch "Glass+Lights Glass Uses Sand" because it cannot be applied.
[ToggleablePatch] Skipping application of patch "Just Glass Glass Uses Sand" because it cannot be applied.
[ToggleablePatch] Applying patch "Sandbags Use Sand", patching Sandbags (Verse.BuildableDef)..
[ToggleablePatch] Applying patch "Fungal Gravel Uses Raw Fungus", patching Ludeon.RimWorld.Ideology.FungalGravel (Verse.BuildableDef)..
[ToggleablePatch] Applying patch "VFE Architect Packed Dirt Costs Dirt", patching VanillaExpanded.VFEArchitect.VFEArch_PlayerPackedDirt (Verse.BuildableDef)..
[CMColorCodedMoodBar] CMColorCodedMoodBar 1.3.3136.1 initialized
[CMColorCodedMoodBar] Unable To Get Types For: SimpleSidearms, Version=1.0.0.0, Culture=neutral, PublicKeyToken=null 
(Filename: C:\buildslave\unity\build\Runtime/Export/Debug/Debug.bindings.h Line: 39)

Wall Light: v1.3.7890.36463
[ShowDrafteesWeapon] Initialized
Error in static constructor of Rimefeller.Gizmo_CrackerStatus: System.TypeLoadException: Type Rimefeller.Gizmo_CrackerStatus has invalid vtable method slot 11 with method none
  at (wrapper managed-to-native) System.Runtime.CompilerServices.RuntimeHelpers.RunClassConstructor(intptr)
  at System.Runtime.CompilerServices.RuntimeHelpers.RunClassConstructor (System.RuntimeTypeHandle type) [0x0002a] in <eae584ce26bc40229c1b1aa476bfa589>:0 
  at Verse.StaticConstructorOnStartupUtility.CallAll () [0x0001a] in <429f61c38f5649dd9be7f6c24f140b80>:0  
(Filename: C:\buildslave\unity\build\Runtime/Export/Debug/Debug.bindings.h Line: 39)

Error in static constructor of Rimefeller.Gizmo_StorageTankGauge: System.TypeLoadException: Type Rimefeller.Gizmo_StorageTankGauge has invalid vtable method slot 11 with method none
  at (wrapper managed-to-native) System.Runtime.CompilerServices.RuntimeHelpers.RunClassConstructor(intptr)
  at System.Runtime.CompilerServices.RuntimeHelpers.RunClassConstructor (System.RuntimeTypeHandle type) [0x0002a] in <eae584ce26bc40229c1b1aa476bfa589>:0 
  at Verse.StaticConstructorOnStartupUtility.CallAll () [0x0001a] in <429f61c38f5649dd9be7f6c24f140b80>:0  
(Filename: C:\buildslave\unity\build\Runtime/Export/Debug/Debug.bindings.h Line: 39)

OnLevelWasLoaded was found on ModInitializerComponent
This message has been deprecated and will be removed in a later version of Unity.
Add a delegate to SceneManager.sceneLoaded instead to get notifications after scene loading has completed 
(Filename:  Line: 369)

[AllowTool] Applied compatibility patch for "Pick Up And Haul"
Combat Extended :: Ammo injected
Combat Extended :: Bounds pre-generated
  --> [What's That Mod] Took 3.16 seconds to scan all patches. <--
What's That Mod: Wrote to 9036 mod descriptions, 556 patched defs resolved.
What's That Mod took 3305 milliseconds to generate all def descriptions.
[HugsLib] initializing LWM_DeepStorage, StackableChunks, Linkolas.Stabilize, Hospitality, RealisticRoomsRewritten, RealRuins, Psychology, com.github.alandariva.moreplanning, MapReroll, CashRegister, Gastronomy, Autopsy
[StackableChunks] Chunk Stacks set too: 15
[StackableChunks] Slag Stacks set too: 15
FactionDef VFEP_Mercenaries must have at least one pawnGroupMaker with kindDef 'Peaceful', or 'permanentEnemy', 'isPlayer' or 'hidden' should be set to true. Otherwise no guests from this faction will arrive. This is a misconfiguration in Vanilla Factions Expanded - Pirates. 
(Filename: C:\buildslave\unity\build\Runtime/Export/Debug/Debug.bindings.h Line: 39)

ThingDef RG_DustDevil has no thingClass. This is a misconfiguration in Regrowth Core Remastered. 
(Filename: C:\buildslave\unity\build\Runtime/Export/Debug/Debug.bindings.h Line: 39)

[MapReroll] Applied Prepare Carefully compatibility layer. Note: removing Prepare Carefully after starting a new game will now cause errors, but these can be safely ignored.
